<?xml version="1.0" encoding="UTF-8"?>
<testsuite name="com.example.jdbcpoc.JdbcpocApplicationTests" tests="1" skipped="0" failures="0" errors="0" timestamp="2018-10-07T13:53:35" hostname="sirius" time="0.033">
  <properties/>
  <testcase name="contextLoads" classname="com.example.jdbcpoc.JdbcpocApplicationTests" time="0.033"/>
  <system-out><![CDATA[07:53:31.034 [Test worker] DEBUG org.springframework.test.context.junit4.SpringJUnit4ClassRunner - SpringJUnit4ClassRunner constructor called with [class com.example.jdbcpoc.JdbcpocApplicationTests]
07:53:31.047 [Test worker] DEBUG org.springframework.test.context.BootstrapUtils - Instantiating CacheAwareContextLoaderDelegate from class [org.springframework.test.context.cache.DefaultCacheAwareContextLoaderDelegate]
07:53:31.058 [Test worker] DEBUG org.springframework.test.context.BootstrapUtils - Instantiating BootstrapContext using constructor [public org.springframework.test.context.support.DefaultBootstrapContext(java.lang.Class,org.springframework.test.context.CacheAwareContextLoaderDelegate)]
07:53:31.072 [Test worker] DEBUG org.springframework.test.context.BootstrapUtils - Instantiating TestContextBootstrapper for test class [com.example.jdbcpoc.JdbcpocApplicationTests] from class [org.springframework.boot.test.context.SpringBootTestContextBootstrapper]
07:53:31.086 [Test worker] INFO org.springframework.boot.test.context.SpringBootTestContextBootstrapper - Neither @ContextConfiguration nor @ContextHierarchy found for test class [com.example.jdbcpoc.JdbcpocApplicationTests], using SpringBootContextLoader
07:53:31.088 [Test worker] DEBUG org.springframework.test.context.support.AbstractContextLoader - Did not detect default resource location for test class [com.example.jdbcpoc.JdbcpocApplicationTests]: class path resource [com/example/jdbcpoc/JdbcpocApplicationTests-context.xml] does not exist
07:53:31.089 [Test worker] DEBUG org.springframework.test.context.support.AbstractContextLoader - Did not detect default resource location for test class [com.example.jdbcpoc.JdbcpocApplicationTests]: class path resource [com/example/jdbcpoc/JdbcpocApplicationTestsContext.groovy] does not exist
07:53:31.089 [Test worker] INFO org.springframework.test.context.support.AbstractContextLoader - Could not detect default resource locations for test class [com.example.jdbcpoc.JdbcpocApplicationTests]: no resource found for suffixes {-context.xml, Context.groovy}.
07:53:31.090 [Test worker] INFO org.springframework.test.context.support.AnnotationConfigContextLoaderUtils - Could not detect default configuration classes for test class [com.example.jdbcpoc.JdbcpocApplicationTests]: JdbcpocApplicationTests does not declare any static, non-private, non-final, nested classes annotated with @Configuration.
07:53:31.114 [Test worker] DEBUG org.springframework.test.context.support.ActiveProfilesUtils - Could not find an 'annotation declaring class' for annotation type [org.springframework.test.context.ActiveProfiles] and class [com.example.jdbcpoc.JdbcpocApplicationTests]
07:53:31.119 [Test worker] DEBUG org.springframework.core.env.StandardEnvironment - Adding [systemProperties] PropertySource with lowest search precedence
07:53:31.120 [Test worker] DEBUG org.springframework.core.env.StandardEnvironment - Adding [systemEnvironment] PropertySource with lowest search precedence
07:53:31.121 [Test worker] DEBUG org.springframework.core.env.StandardEnvironment - Initialized StandardEnvironment with PropertySources [systemProperties,systemEnvironment]
07:53:31.127 [Test worker] DEBUG org.springframework.core.io.support.PathMatchingResourcePatternResolver - Resolved classpath location [com/example/jdbcpoc/] to resources [URL [file:/home/tito/git/jdbcpoc/build/classes/java/test/com/example/jdbcpoc/], URL [file:/home/tito/git/jdbcpoc/build/classes/java/main/com/example/jdbcpoc/]]
07:53:31.127 [Test worker] DEBUG org.springframework.core.io.support.PathMatchingResourcePatternResolver - Looking for matching resources in directory tree [/home/tito/git/jdbcpoc/build/classes/java/test/com/example/jdbcpoc]
07:53:31.127 [Test worker] DEBUG org.springframework.core.io.support.PathMatchingResourcePatternResolver - Searching directory [/home/tito/git/jdbcpoc/build/classes/java/test/com/example/jdbcpoc] for files matching pattern [/home/tito/git/jdbcpoc/build/classes/java/test/com/example/jdbcpoc/*.class]
07:53:31.130 [Test worker] DEBUG org.springframework.core.io.support.PathMatchingResourcePatternResolver - Looking for matching resources in directory tree [/home/tito/git/jdbcpoc/build/classes/java/main/com/example/jdbcpoc]
07:53:31.130 [Test worker] DEBUG org.springframework.core.io.support.PathMatchingResourcePatternResolver - Searching directory [/home/tito/git/jdbcpoc/build/classes/java/main/com/example/jdbcpoc] for files matching pattern [/home/tito/git/jdbcpoc/build/classes/java/main/com/example/jdbcpoc/*.class]
07:53:31.131 [Test worker] DEBUG org.springframework.core.io.support.PathMatchingResourcePatternResolver - Resolved location pattern [classpath*:com/example/jdbcpoc/*.class] to resources [file [/home/tito/git/jdbcpoc/build/classes/java/test/com/example/jdbcpoc/JdbcpocApplicationTests.class], file [/home/tito/git/jdbcpoc/build/classes/java/main/com/example/jdbcpoc/CircuitBreakerHystrixEventNotifier.class], file [/home/tito/git/jdbcpoc/build/classes/java/main/com/example/jdbcpoc/CloudConfig$CloudConfiguration.class], file [/home/tito/git/jdbcpoc/build/classes/java/main/com/example/jdbcpoc/CloudConfig$LocalConfiguration.class], file [/home/tito/git/jdbcpoc/build/classes/java/main/com/example/jdbcpoc/CloudConfig.class], file [/home/tito/git/jdbcpoc/build/classes/java/main/com/example/jdbcpoc/HystrixConfiguration.class], file [/home/tito/git/jdbcpoc/build/classes/java/main/com/example/jdbcpoc/JdbcpocApplication.class], file [/home/tito/git/jdbcpoc/build/classes/java/main/com/example/jdbcpoc/MyController.class]]
07:53:31.170 [Test worker] DEBUG org.springframework.context.annotation.ClassPathScanningCandidateComponentProvider - Identified candidate component class: file [/home/tito/git/jdbcpoc/build/classes/java/main/com/example/jdbcpoc/JdbcpocApplication.class]
07:53:31.175 [Test worker] INFO org.springframework.boot.test.context.SpringBootTestContextBootstrapper - Found @SpringBootConfiguration com.example.jdbcpoc.JdbcpocApplication for test class com.example.jdbcpoc.JdbcpocApplicationTests
07:53:31.178 [Test worker] DEBUG org.springframework.boot.test.context.SpringBootTestContextBootstrapper - @TestExecutionListeners is not present for class [com.example.jdbcpoc.JdbcpocApplicationTests]: using defaults.
07:53:31.180 [Test worker] INFO org.springframework.boot.test.context.SpringBootTestContextBootstrapper - Loaded default TestExecutionListener class names from location [META-INF/spring.factories]: [org.springframework.boot.test.autoconfigure.restdocs.RestDocsTestExecutionListener, org.springframework.boot.test.autoconfigure.web.client.MockRestServiceServerResetTestExecutionListener, org.springframework.boot.test.autoconfigure.web.servlet.MockMvcPrintOnlyOnFailureTestExecutionListener, org.springframework.boot.test.autoconfigure.web.servlet.WebDriverTestExecutionListener, org.springframework.boot.test.mock.mockito.MockitoTestExecutionListener, org.springframework.boot.test.mock.mockito.ResetMocksTestExecutionListener, org.springframework.test.context.web.ServletTestExecutionListener, org.springframework.test.context.support.DirtiesContextBeforeModesTestExecutionListener, org.springframework.test.context.support.DependencyInjectionTestExecutionListener, org.springframework.test.context.support.DirtiesContextTestExecutionListener, org.springframework.test.context.transaction.TransactionalTestExecutionListener, org.springframework.test.context.jdbc.SqlScriptsTestExecutionListener]
07:53:31.197 [Test worker] INFO org.springframework.boot.test.context.SpringBootTestContextBootstrapper - Using TestExecutionListeners: [org.springframework.test.context.web.ServletTestExecutionListener@37578bfd, org.springframework.test.context.support.DirtiesContextBeforeModesTestExecutionListener@4af58857, org.springframework.boot.test.autoconfigure.SpringBootDependencyInjectionTestExecutionListener@50a4137e, org.springframework.test.context.support.DirtiesContextTestExecutionListener@7e26eefd, org.springframework.test.context.transaction.TransactionalTestExecutionListener@75258aa7, org.springframework.test.context.jdbc.SqlScriptsTestExecutionListener@13f40364, org.springframework.boot.test.autoconfigure.web.servlet.MockMvcPrintOnlyOnFailureTestExecutionListener@633bdd87, org.springframework.boot.test.autoconfigure.restdocs.RestDocsTestExecutionListener@2a23961b, org.springframework.boot.test.autoconfigure.web.servlet.WebDriverTestExecutionListener@730a414a, org.springframework.boot.test.mock.mockito.MockitoTestExecutionListener@4056936c, org.springframework.boot.test.autoconfigure.web.client.MockRestServiceServerResetTestExecutionListener@7dbca904, org.springframework.boot.test.mock.mockito.ResetMocksTestExecutionListener@4b997be6]
07:53:31.199 [Test worker] DEBUG org.springframework.test.annotation.ProfileValueUtils - Retrieved @ProfileValueSourceConfiguration [null] for test class [com.example.jdbcpoc.JdbcpocApplicationTests]
07:53:31.199 [Test worker] DEBUG org.springframework.test.annotation.ProfileValueUtils - Retrieved ProfileValueSource type [class org.springframework.test.annotation.SystemProfileValueSource] for class [com.example.jdbcpoc.JdbcpocApplicationTests]
07:53:31.200 [Test worker] DEBUG org.springframework.test.annotation.ProfileValueUtils - Retrieved @ProfileValueSourceConfiguration [null] for test class [com.example.jdbcpoc.JdbcpocApplicationTests]
07:53:31.200 [Test worker] DEBUG org.springframework.test.annotation.ProfileValueUtils - Retrieved ProfileValueSource type [class org.springframework.test.annotation.SystemProfileValueSource] for class [com.example.jdbcpoc.JdbcpocApplicationTests]
07:53:31.204 [Test worker] DEBUG org.springframework.test.context.support.AbstractDirtiesContextTestExecutionListener - Before test class: context [DefaultTestContext@41c2c17f testClass = JdbcpocApplicationTests, testInstance = [null], testMethod = [null], testException = [null], mergedContextConfiguration = [WebMergedContextConfiguration@7d5b718c testClass = JdbcpocApplicationTests, locations = '{}', classes = '{class com.example.jdbcpoc.JdbcpocApplication}', contextInitializerClasses = '[]', activeProfiles = '{}', propertySourceLocations = '{}', propertySourceProperties = '{org.springframework.boot.test.context.SpringBootTestContextBootstrapper=true}', contextCustomizers = set[org.springframework.boot.test.autoconfigure.properties.PropertyMappingContextCustomizer@0, org.springframework.boot.test.autoconfigure.web.servlet.WebDriverContextCustomizerFactory$Customizer@4032aea5, org.springframework.boot.test.context.SpringBootTestContextCustomizer@56afdec6, org.springframework.boot.test.context.filter.ExcludeFilterContextCustomizer@4fcaa13, org.springframework.boot.test.mock.mockito.MockitoContextCustomizer@0], resourceBasePath = 'src/main/webapp', contextLoader = 'org.springframework.boot.test.context.SpringBootContextLoader', parent = [null]]], class annotated with @DirtiesContext [false] with mode [null].
07:53:31.205 [Test worker] DEBUG org.springframework.test.annotation.ProfileValueUtils - Retrieved @ProfileValueSourceConfiguration [null] for test class [com.example.jdbcpoc.JdbcpocApplicationTests]
07:53:31.205 [Test worker] DEBUG org.springframework.test.annotation.ProfileValueUtils - Retrieved ProfileValueSource type [class org.springframework.test.annotation.SystemProfileValueSource] for class [com.example.jdbcpoc.JdbcpocApplicationTests]
07:53:31.254 [Test worker] DEBUG org.springframework.core.env.StandardEnvironment - Adding [systemProperties] PropertySource with lowest search precedence
07:53:31.254 [Test worker] DEBUG org.springframework.core.env.StandardEnvironment - Adding [systemEnvironment] PropertySource with lowest search precedence
07:53:31.254 [Test worker] DEBUG org.springframework.core.env.StandardEnvironment - Initialized StandardEnvironment with PropertySources [systemProperties,systemEnvironment]
07:53:31.255 [Test worker] DEBUG org.springframework.core.env.MutablePropertySources - Adding [inline] PropertySource with highest search precedence
07:53:31.261 [Test worker] DEBUG org.springframework.test.context.support.TestPropertySourceUtils - Adding inlined properties to environment: {spring.jmx.enabled=false, org.springframework.boot.test.context.SpringBootTestContextBootstrapper=true, server.port=-1}
07:53:31.261 [Test worker] DEBUG org.springframework.core.env.StandardEnvironment - Adding [Inlined Test Properties] PropertySource with highest search precedence

  .   ____          _            __ _ _
 /\\ / ___'_ __ _ _(_)_ __  __ _ \ \ \ \
( ( )\___ | '_ | '_| | '_ \/ _` | \ \ \ \
 \\/  ___)| |_)| | | | | || (_| |  ) ) ) )
  '  |____| .__|_| |_|_| |_\__, | / / / /
 =========|_|==============|___/=/_/_/_/
 :: Spring Boot ::        (v1.5.1.RELEASE)

2018-10-07 07:53:31.487  INFO 5036 --- [    Test worker] c.e.jdbcpoc.JdbcpocApplicationTests      : Starting JdbcpocApplicationTests on sirius with PID 5036 (started by tito in /home/tito/git/jdbcpoc)
2018-10-07 07:53:31.488  INFO 5036 --- [    Test worker] c.e.jdbcpoc.JdbcpocApplicationTests      : No active profile set, falling back to default profiles: default
2018-10-07 07:53:31.518  INFO 5036 --- [    Test worker] o.s.w.c.s.GenericWebApplicationContext   : Refreshing org.springframework.web.context.support.GenericWebApplicationContext@5e9665e1: startup date [Sun Oct 07 07:53:31 MDT 2018]; root of context hierarchy
2018-10-07 07:53:32.527  INFO 5036 --- [    Test worker] trationDelegate$BeanPostProcessorChecker : Bean 'org.springframework.boot.autoconfigure.validation.ValidationAutoConfiguration' of type [class org.springframework.boot.autoconfigure.validation.ValidationAutoConfiguration] is not eligible for getting processed by all BeanPostProcessors (for example: not eligible for auto-proxying)
2018-10-07 07:53:32.608  INFO 5036 --- [    Test worker] trationDelegate$BeanPostProcessorChecker : Bean 'validator' of type [class org.springframework.validation.beanvalidation.LocalValidatorFactoryBean] is not eligible for getting processed by all BeanPostProcessors (for example: not eligible for auto-proxying)
2018-10-07 07:53:32.663  INFO 5036 --- [    Test worker] trationDelegate$BeanPostProcessorChecker : Bean 'org.springframework.transaction.annotation.ProxyTransactionManagementConfiguration' of type [class org.springframework.transaction.annotation.ProxyTransactionManagementConfiguration$$EnhancerBySpringCGLIB$$c4257396] is not eligible for getting processed by all BeanPostProcessors (for example: not eligible for auto-proxying)
2018-10-07 07:53:33.929  WARN 5036 --- [    Test worker] c.n.c.sources.URLConfigurationSource     : No URLs will be polled as dynamic configuration sources.
2018-10-07 07:53:33.929  INFO 5036 --- [    Test worker] c.n.c.sources.URLConfigurationSource     : To enable URLs as dynamic configuration sources, define System property archaius.configurationSource.additionalUrls or make config.properties available on classpath.
2018-10-07 07:53:34.933  INFO 5036 --- [    Test worker] s.w.s.m.m.a.RequestMappingHandlerAdapter : Looking for @ControllerAdvice: org.springframework.web.context.support.GenericWebApplicationContext@5e9665e1: startup date [Sun Oct 07 07:53:31 MDT 2018]; root of context hierarchy
2018-10-07 07:53:35.034  INFO 5036 --- [    Test worker] s.w.s.m.m.a.RequestMappingHandlerMapping : Mapped "{[/execute]}" onto public java.lang.Object com.example.jdbcpoc.MyController.execute(java.lang.String) throws java.sql.SQLException
2018-10-07 07:53:35.036  INFO 5036 --- [    Test worker] s.w.s.m.m.a.RequestMappingHandlerMapping : Mapped "{[/delay]}" onto public java.lang.Object com.example.jdbcpoc.MyController.execute(int,int) throws java.sql.SQLException
2018-10-07 07:53:35.038  INFO 5036 --- [    Test worker] s.w.s.m.m.a.RequestMappingHandlerMapping : Mapped "{[/error],produces=[text/html]}" onto public org.springframework.web.servlet.ModelAndView org.springframework.boot.autoconfigure.web.BasicErrorController.errorHtml(javax.servlet.http.HttpServletRequest,javax.servlet.http.HttpServletResponse)
2018-10-07 07:53:35.039  INFO 5036 --- [    Test worker] s.w.s.m.m.a.RequestMappingHandlerMapping : Mapped "{[/error]}" onto public org.springframework.http.ResponseEntity<java.util.Map<java.lang.String, java.lang.Object>> org.springframework.boot.autoconfigure.web.BasicErrorController.error(javax.servlet.http.HttpServletRequest)
2018-10-07 07:53:35.112  INFO 5036 --- [    Test worker] o.s.w.s.handler.SimpleUrlHandlerMapping  : Mapped URL path [/webjars/**] onto handler of type [class org.springframework.web.servlet.resource.ResourceHttpRequestHandler]
2018-10-07 07:53:35.112  INFO 5036 --- [    Test worker] o.s.w.s.handler.SimpleUrlHandlerMapping  : Mapped URL path [/**] onto handler of type [class org.springframework.web.servlet.resource.ResourceHttpRequestHandler]
2018-10-07 07:53:35.194  INFO 5036 --- [    Test worker] o.s.w.s.handler.SimpleUrlHandlerMapping  : Mapped URL path [/**/favicon.ico] onto handler of type [class org.springframework.web.servlet.resource.ResourceHttpRequestHandler]
2018-10-07 07:53:35.629  INFO 5036 --- [    Test worker] c.e.jdbcpoc.JdbcpocApplicationTests      : Started JdbcpocApplicationTests in 4.357 seconds (JVM running for 5.147)
]]></system-out>
  <system-err><![CDATA[]]></system-err>
</testsuite>
